Determining if the pthread_create exist failed with the following output:
Change Dir: /home/itsp/snark_for_filtering/build/CMakeFiles/CMakeTmp

Run Build Command:"/usr/bin/make" "cmTC_3d9c3/fast"
/usr/bin/make -f CMakeFiles/cmTC_3d9c3.dir/build.make CMakeFiles/cmTC_3d9c3.dir/build
make[1]: 디렉터리 '/home/itsp/snark_for_filtering/build/CMakeFiles/CMakeTmp' 들어감
Building C object CMakeFiles/cmTC_3d9c3.dir/CheckSymbolExists.c.o
/usr/bin/cc     -o CMakeFiles/cmTC_3d9c3.dir/CheckSymbolExists.c.o   -c /home/itsp/snark_for_filtering/build/CMakeFiles/CMakeTmp/CheckSymbolExists.c
Linking C executable cmTC_3d9c3
/usr/bin/cmake -E cmake_link_script CMakeFiles/cmTC_3d9c3.dir/link.txt --verbose=1
/usr/bin/cc       CMakeFiles/cmTC_3d9c3.dir/CheckSymbolExists.c.o  -o cmTC_3d9c3 -rdynamic 
CMakeFiles/cmTC_3d9c3.dir/CheckSymbolExists.c.o: In function `main':
CheckSymbolExists.c:(.text+0x16): undefined reference to `pthread_create'
collect2: error: ld returned 1 exit status
CMakeFiles/cmTC_3d9c3.dir/build.make:97: 'cmTC_3d9c3' 타겟에 대한 명령이 실패했습니다
make[1]: *** [cmTC_3d9c3] 오류 1
make[1]: 디렉터리 '/home/itsp/snark_for_filtering/build/CMakeFiles/CMakeTmp' 나감
Makefile:126: 'cmTC_3d9c3/fast' 타겟에 대한 명령이 실패했습니다
make: *** [cmTC_3d9c3/fast] 오류 2

File /home/itsp/snark_for_filtering/build/CMakeFiles/CMakeTmp/CheckSymbolExists.c:
/* */
#include <pthread.h>

int main(int argc, char** argv)
{
  (void)argv;
#ifndef pthread_create
  return ((int*)(&pthread_create))[argc];
#else
  (void)argc;
  return 0;
#endif
}

